<?xml version="1.0" encoding="UTF-8"?>
<!-- Generated by org.testng.reporters.JUnitXMLReporter -->
<testsuite ignored="0" hostname="HIMANSHU" failures="0" tests="3" name="Default test" time="5.087" errors="0" timestamp="17 Feb 2022 19:36:45 GMT">
  <testcase classname="dev.restPractice.ZipTest" name="testPlaceByZip" time="2.716"/>
  <testcase classname="dev.restPractice.ZipTest" name="testPlaceByZip" time="1.11"/>
  <testcase classname="dev.restPractice.ZipTest" name="testPlaceByZip" time="1.227"/>
</testsuite> <!-- Default test -->
